<?xml version="1.0" encoding="UTF-8"?>
<!-- Generated by org.testng.reporters.JUnitXMLReporter -->
<testsuite ignored="0" hostname="DESKTOP-M9K0K0L" failures="1" tests="6" name="Personal loan" time="0.141" errors="0" timestamp="2024-01-03T11:23:37 IST">
  <testcase classname="rahul_shetty_testNg.day1" name="first_Test" time="0.022">
    <failure type="java.lang.AssertionError" message="expected [true] but found [false]">
      <![CDATA[java.lang.AssertionError: expected [true] but found [false]
at rahul_shetty_testNg.day1.first_Test(day1.java:12)
at java.base/java.util.ArrayList.forEach(ArrayList.java:1511)
... Removed 31 stack frames]]>
    </failure>
  </testcase> <!-- first_Test -->
  <testcase classname="rahul_shetty_testNg.day1" name="second_Test" time="0.002"/>
  <testcase classname="rahul_shetty_testNg.day2" name="p_loan" time="0.002"/>
  <testcase classname="rahul_shetty_testNg.day4" name="Web_login_home_loan" time="0.003"/>
  <testcase classname="rahul_shetty_testNg.day4" name="api_Login_home_loan" time="0.002"/>
  <testcase classname="rahul_shetty_testNg.day4" name="mobile_login_home_loan" time="0.002"/>
</testsuite> <!-- Personal loan -->
