<?xml version="1.0" encoding="UTF-8"?>
<testng-results ignored="0" total="13" passed="12" failed="1" skipped="0">
  <reporter-output>
  </reporter-output>
  <suite started-at="2024-01-03T11:23:37 IST" name="loan department" finished-at="2024-01-03T11:23:37 IST" duration-ms="285">
    <groups>
      <group name="Smoke">
        <method signature="day1.second_Test()[pri:0, instance:rahul_shetty_testNg.day1@76a4ebf2]" name="second_Test" class="rahul_shetty_testNg.day1"/>
        <method signature="day2.p_loan()[pri:0, instance:rahul_shetty_testNg.day2@8519cb4]" name="p_loan" class="rahul_shetty_testNg.day2"/>
        <method signature="day4.Web_login_home_loan()[pri:0, instance:rahul_shetty_testNg.day4@35dab4eb]" name="Web_login_home_loan" class="rahul_shetty_testNg.day4"/>
        <method signature="day4.mobile_login_home_loan()[pri:0, instance:rahul_shetty_testNg.day4@35dab4eb]" name="mobile_login_home_loan" class="rahul_shetty_testNg.day4"/>
      </group> <!-- Smoke -->
    </groups>
    <test started-at="2024-01-03T11:23:37 IST" name="Personal loan" finished-at="2024-01-03T11:23:37 IST" duration-ms="141">
      <class name="rahul_shetty_testNg.day4">
        <test-method is-config="true" signature="before_method()[pri:0, instance:rahul_shetty_testNg.day4@35dab4eb]" started-at="2024-01-03T11:23:37 IST" name="before_method" finished-at="2024-01-03T11:23:37 IST" duration-ms="0" status="PASS">
          <reporter-output>
          </reporter-output>
        </test-method> <!-- before_method -->
        <test-method signature="Web_login_home_loan()[pri:0, instance:rahul_shetty_testNg.day4@35dab4eb]" started-at="2024-01-03T11:23:37 IST" name="Web_login_home_loan" finished-at="2024-01-03T11:23:37 IST" duration-ms="3" status="PASS">
          <reporter-output>
          </reporter-output>
        </test-method> <!-- Web_login_home_loan -->
        <test-method signature="api_Login_home_loan()[pri:0, instance:rahul_shetty_testNg.day4@35dab4eb]" started-at="2024-01-03T11:23:37 IST" name="api_Login_home_loan" finished-at="2024-01-03T11:23:37 IST" duration-ms="2" status="PASS">
          <reporter-output>
          </reporter-output>
        </test-method> <!-- api_Login_home_loan -->
        <test-method is-config="true" signature="before_method()[pri:0, instance:rahul_shetty_testNg.day4@35dab4eb]" started-at="2024-01-03T11:23:37 IST" name="before_method" finished-at="2024-01-03T11:23:37 IST" duration-ms="0" status="PASS">
          <reporter-output>
          </reporter-output>
        </test-method> <!-- before_method -->
        <test-method signature="mobile_login_home_loan()[pri:0, instance:rahul_shetty_testNg.day4@35dab4eb]" started-at="2024-01-03T11:23:37 IST" name="mobile_login_home_loan" finished-at="2024-01-03T11:23:37 IST" duration-ms="2" status="PASS">
          <reporter-output>
          </reporter-output>
        </test-method> <!-- mobile_login_home_loan -->
        <test-method is-config="true" signature="before_method()[pri:0, instance:rahul_shetty_testNg.day4@35dab4eb]" started-at="2024-01-03T11:23:37 IST" name="before_method" finished-at="2024-01-03T11:23:37 IST" duration-ms="0" status="PASS">
          <reporter-output>
          </reporter-output>
        </test-method> <!-- before_method -->
      </class> <!-- rahul_shetty_testNg.day4 -->
      <class name="rahul_shetty_testNg.day2">
        <test-method is-config="true" signature="before_test()[pri:0, instance:rahul_shetty_testNg.day2@8519cb4]" started-at="2024-01-03T11:23:37 IST" name="before_test" finished-at="2024-01-03T11:23:37 IST" duration-ms="1" status="PASS">
          <reporter-output>
          </reporter-output>
        </test-method> <!-- before_test -->
        <test-method signature="p_loan()[pri:0, instance:rahul_shetty_testNg.day2@8519cb4]" started-at="2024-01-03T11:23:37 IST" name="p_loan" finished-at="2024-01-03T11:23:37 IST" duration-ms="2" status="PASS">
          <reporter-output>
          </reporter-output>
        </test-method> <!-- p_loan -->
      </class> <!-- rahul_shetty_testNg.day2 -->
      <class name="rahul_shetty_testNg.day1">
        <test-method signature="first_Test()[pri:0, instance:rahul_shetty_testNg.day1@76a4ebf2]" started-at="2024-01-03T11:23:37 IST" name="first_Test" finished-at="2024-01-03T11:23:37 IST" duration-ms="22" status="FAIL">
          <exception class="java.lang.AssertionError">
            <message>
              <![CDATA[expected [true] but found [false]]]>
            </message>
            <full-stacktrace>
              <![CDATA[java.lang.AssertionError: expected [true] but found [false]
at org.testng.Assert.fail(Assert.java:111)
at org.testng.Assert.failNotEquals(Assert.java:1578)
at org.testng.Assert.assertTrue(Assert.java:57)
at org.testng.Assert.assertTrue(Assert.java:67)
at rahul_shetty_testNg.day1.first_Test(day1.java:12)
at java.base/jdk.internal.reflect.NativeMethodAccessorImpl.invoke0(Native Method)
at java.base/jdk.internal.reflect.NativeMethodAccessorImpl.invoke(NativeMethodAccessorImpl.java:77)
at java.base/jdk.internal.reflect.DelegatingMethodAccessorImpl.invoke(DelegatingMethodAccessorImpl.java:43)
at java.base/java.lang.reflect.Method.invoke(Method.java:568)
at org.testng.internal.invokers.MethodInvocationHelper.invokeMethod(MethodInvocationHelper.java:139)
at org.testng.internal.invokers.TestInvoker.invokeMethod(TestInvoker.java:664)
at org.testng.internal.invokers.TestInvoker.invokeTestMethod(TestInvoker.java:227)
at org.testng.internal.invokers.MethodRunner.runInSequence(MethodRunner.java:50)
at org.testng.internal.invokers.TestInvoker$MethodInvocationAgent.invoke(TestInvoker.java:957)
at org.testng.internal.invokers.TestInvoker.invokeTestMethods(TestInvoker.java:200)
at org.testng.internal.invokers.TestMethodWorker.invokeTestMethods(TestMethodWorker.java:148)
at org.testng.internal.invokers.TestMethodWorker.run(TestMethodWorker.java:128)
at java.base/java.util.ArrayList.forEach(ArrayList.java:1511)
at org.testng.TestRunner.privateRun(TestRunner.java:848)
at org.testng.TestRunner.run(TestRunner.java:621)
at org.testng.SuiteRunner.runTest(SuiteRunner.java:443)
at org.testng.SuiteRunner.runSequentially(SuiteRunner.java:437)
at org.testng.SuiteRunner.privateRun(SuiteRunner.java:397)
at org.testng.SuiteRunner.run(SuiteRunner.java:336)
at org.testng.SuiteRunnerWorker.runSuite(SuiteRunnerWorker.java:52)
at org.testng.SuiteRunnerWorker.run(SuiteRunnerWorker.java:95)
at org.testng.TestNG.runSuitesSequentially(TestNG.java:1280)
at org.testng.TestNG.runSuitesLocally(TestNG.java:1200)
at org.testng.TestNG.runSuites(TestNG.java:1114)
at org.testng.TestNG.run(TestNG.java:1082)
at org.testng.remote.AbstractRemoteTestNG.run(AbstractRemoteTestNG.java:115)
at org.testng.remote.RemoteTestNG.initAndRun(RemoteTestNG.java:251)
at org.testng.remote.RemoteTestNG.main(RemoteTestNG.java:77)
]]>
            </full-stacktrace>
          </exception> <!-- java.lang.AssertionError -->
          <reporter-output>
          </reporter-output>
        </test-method> <!-- first_Test -->
        <test-method is-config="true" signature="after_method()[pri:0, instance:rahul_shetty_testNg.day1@76a4ebf2]" started-at="2024-01-03T11:23:37 IST" name="after_method" finished-at="2024-01-03T11:23:37 IST" duration-ms="0" status="PASS">
          <reporter-output>
          </reporter-output>
        </test-method> <!-- after_method -->
        <test-method signature="second_Test()[pri:0, instance:rahul_shetty_testNg.day1@76a4ebf2]" started-at="2024-01-03T11:23:37 IST" name="second_Test" finished-at="2024-01-03T11:23:37 IST" duration-ms="2" status="PASS">
          <reporter-output>
          </reporter-output>
        </test-method> <!-- second_Test -->
        <test-method is-config="true" signature="after_method()[pri:0, instance:rahul_shetty_testNg.day1@76a4ebf2]" started-at="2024-01-03T11:23:37 IST" name="after_method" finished-at="2024-01-03T11:23:37 IST" duration-ms="1" status="PASS">
          <reporter-output>
          </reporter-output>
        </test-method> <!-- after_method -->
      </class> <!-- rahul_shetty_testNg.day1 -->
    </test> <!-- Personal loan -->
    <test started-at="2024-01-03T11:23:37 IST" name="Car loan" finished-at="2024-01-03T11:23:37 IST" duration-ms="36">
      <class name="rahul_shetty_testNg.day3">
        <test-method signature="Web_login_car_loan()[pri:0, instance:rahul_shetty_testNg.day3@514646ef]" started-at="2024-01-03T11:23:37 IST" name="Web_login_car_loan" finished-at="2024-01-03T11:23:37 IST" duration-ms="2" status="PASS">
          <reporter-output>
          </reporter-output>
        </test-method> <!-- Web_login_car_loan -->
        <test-method signature="api_Login_car_loan()[pri:0, instance:rahul_shetty_testNg.day3@514646ef]" started-at="2024-01-03T11:23:37 IST" name="api_Login_car_loan" finished-at="2024-01-03T11:23:37 IST" duration-ms="1" status="PASS">
          <reporter-output>
          </reporter-output>
        </test-method> <!-- api_Login_car_loan -->
        <test-method signature="mobile_login_car_loan()[pri:0, instance:rahul_shetty_testNg.day3@514646ef]" started-at="2024-01-03T11:23:37 IST" name="mobile_login_car_loan" finished-at="2024-01-03T11:23:37 IST" duration-ms="2" status="PASS">
          <reporter-output>
          </reporter-output>
        </test-method> <!-- mobile_login_car_loan -->
        <test-method signature="mobile_login_car_loan1()[pri:0, instance:rahul_shetty_testNg.day3@514646ef]" started-at="2024-01-03T11:23:37 IST" name="mobile_login_car_loan1" finished-at="2024-01-03T11:23:37 IST" duration-ms="1" status="PASS">
          <reporter-output>
          </reporter-output>
        </test-method> <!-- mobile_login_car_loan1 -->
        <test-method signature="mobile_login_car_loan2()[pri:0, instance:rahul_shetty_testNg.day3@514646ef]" started-at="2024-01-03T11:23:37 IST" name="mobile_login_car_loan2" finished-at="2024-01-03T11:23:37 IST" duration-ms="1" status="PASS">
          <reporter-output>
          </reporter-output>
        </test-method> <!-- mobile_login_car_loan2 -->
        <test-method signature="mobile_login_car_loan3()[pri:0, instance:rahul_shetty_testNg.day3@514646ef]" started-at="2024-01-03T11:23:37 IST" name="mobile_login_car_loan3" finished-at="2024-01-03T11:23:37 IST" duration-ms="2" status="PASS">
          <reporter-output>
          </reporter-output>
        </test-method> <!-- mobile_login_car_loan3 -->
        <test-method signature="mobile_login_car_loan4()[pri:0, instance:rahul_shetty_testNg.day3@514646ef]" started-at="2024-01-03T11:23:37 IST" name="mobile_login_car_loan4" finished-at="2024-01-03T11:23:37 IST" duration-ms="4" status="PASS">
          <reporter-output>
          </reporter-output>
        </test-method> <!-- mobile_login_car_loan4 -->
        <test-method is-config="true" signature="after_test()[pri:0, instance:rahul_shetty_testNg.day3@514646ef]" started-at="2024-01-03T11:23:37 IST" name="after_test" finished-at="2024-01-03T11:23:37 IST" duration-ms="1" status="PASS">
          <reporter-output>
          </reporter-output>
        </test-method> <!-- after_test -->
        <test-method is-config="true" signature="after_suite()[pri:0, instance:rahul_shetty_testNg.day3@514646ef]" started-at="2024-01-03T11:23:37 IST" name="after_suite" finished-at="2024-01-03T11:23:37 IST" duration-ms="1" status="PASS">
          <reporter-output>
          </reporter-output>
        </test-method> <!-- after_suite -->
      </class> <!-- rahul_shetty_testNg.day3 -->
      <class name="rahul_shetty_testNg.day2">
        <test-method is-config="true" signature="before_suite()[pri:0, instance:rahul_shetty_testNg.day2@8519cb4]" started-at="2024-01-03T11:23:37 IST" name="before_suite" finished-at="2024-01-03T11:23:37 IST" duration-ms="32" status="PASS">
          <reporter-output>
          </reporter-output>
        </test-method> <!-- before_suite -->
      </class> <!-- rahul_shetty_testNg.day2 -->
    </test> <!-- Car loan -->
  </suite> <!-- loan department -->
</testng-results>
